<?xml version="1.0" encoding="UTF-8"?>
<!-- Generated by org.testng.reporters.JUnitReportReporter -->
<testsuite hostname="Invictus" failures="0" tests="2" name="test.VerifyReportTab" time="62.303" errors="0" timestamp="2022-03-01T10:48:00 IST" skipped="0">
  <testcase classname="test.VerifyReportTab" name="verifyReportTab" time="24.787"/>
  <system-out/>
  <testcase classname="test.VerifyReportTab" name="verifyReportTab" time="37.516"/>
  <system-out/>
</testsuite> <!-- test.VerifyReportTab -->
