<?xml version="1.0" encoding="UTF-8"?>
<!-- Generated by org.testng.reporters.JUnitReportReporter -->
<testsuite hostname="Invictus" failures="0" tests="2" name="test.TestClass1" time="14.520" errors="0" timestamp="2022-02-21T18:43:55 IST" skipped="0">
  <testcase classname="test.TestClass1" name="verifyUserTab" time="5.940"/>
  <system-out/>
  <testcase classname="test.TestClass1" name="verifyReportTab" time="8.580"/>
  <system-out/>
</testsuite> <!-- test.TestClass1 -->
