<?xml version="1.0" encoding="UTF-8"?>
<!-- Generated by org.testng.reporters.JUnitReportReporter -->
<testsuite hostname="Invictus" failures="0" tests="1" name="test.TestClass2" time="6.945" errors="0" timestamp="2022-02-22T09:05:41 IST" skipped="0">
  <testcase classname="test.TestClass2" name="verifyReportTab" time="6.945"/>
  <system-out/>
</testsuite> <!-- test.TestClass2 -->
