<?xml version="1.0" encoding="UTF-8"?>
<!-- Generated by org.testng.reporters.JUnitReportReporter -->
<testsuite hostname="Invictus" failures="0" tests="1" name="test.VerifyCompleteFlow" time="4.579" errors="0" timestamp="2022-02-23T17:33:44 IST" skipped="0">
  <testcase classname="test.VerifyCompleteFlow" name="verifyInventoryPage" time="4.579"/>
  <system-out/>
</testsuite> <!-- test.VerifyCompleteFlow -->
