<?xml version="1.0" encoding="UTF-8"?>
<!-- Generated by org.testng.reporters.JUnitReportReporter -->
<testsuite hostname="Invictus" failures="0" tests="1" name="test.VerifyLoginPage" time="2.700" errors="0" timestamp="2022-02-23T17:33:44 IST" skipped="0">
  <testcase classname="test.VerifyLoginPage" name="verifyInventoryPage" time="2.700"/>
  <system-out/>
</testsuite> <!-- test.VerifyLoginPage -->
